MIF/HEX Update report for LJQ
Tue Jun 07 19:57:04 2022
Quartus Prime Version 17.1.0 Build 590 10/25/2017 SJ Lite Edition


---------------------
; Table of Contents ;
---------------------
  1. Legal Notice
  2. MIF/HEX Update Summary
  3. MIF/HEX Update Processed Files
  4. MIF/HEX Update Messages



----------------
; Legal Notice ;
----------------
Copyright (C) 2017  Intel Corporation. All rights reserved.
Your use of Intel Corporation's design tools, logic functions 
and other software and tools, and its AMPP partner logic 
functions, and any output files from any of the foregoing 
(including device programming or simulation files), and any 
associated documentation or information are expressly subject 
to the terms and conditions of the Intel Program License 
Subscription Agreement, the Intel Quartus Prime License Agreement,
the Intel FPGA IP License Agreement, or other applicable license
agreement, including, without limitation, that your use is for
the sole purpose of programming logic devices manufactured by
Intel and sold by Intel or its authorized distributors.  Please
refer to the applicable agreement for further details.



+---------------------------------------------------------------+
; MIF/HEX Update Summary                                        ;
+-----------------------+---------------------------------------+
; MIF/HEX Update Status ; Successful - Tue Jun 07 19:57:04 2022 ;
; Revision Name         ; LJQ                                   ;
; Top-level Entity Name ; LJQ                                   ;
; Family                ; Cyclone V                             ;
; Device                ; 5CSXFC6D6F31C6                        ;
+-----------------------+---------------------------------------+


+----------------------------------------+
; MIF/HEX Update Processed Files         ;
+----------------------------------------+
; File Name                              ;
+----------------------------------------+
; C:/Users/LJQ/Desktop/LJQZS1/main.mif   ;
; C:/Users/LJQ/Desktop/LJQZS1/main_d.mif ;
+----------------------------------------+


+-------------------------+
; MIF/HEX Update Messages ;
+-------------------------+
Info: *******************************************************************
Info: Running Quartus Prime MIF/HEX Update
    Info: Version 17.1.0 Build 590 10/25/2017 SJ Lite Edition
    Info: Processing started: Tue Jun 07 19:56:25 2022
Info: Command: quartus_cdb LJQ -c LJQ --update_mif
Warning (113028): 64344 out of 65536 addresses are uninitialized. The Quartus Prime software will initialize them to "0". There are 1 warnings found, and 1 warnings are reported. File: C:/Users/LJQ/Desktop/LJQZS1/main.mif Line: 1
    Warning (113027): Addresses ranging from 1192 to 65535 are not initialized File: C:/Users/LJQ/Desktop/LJQZS1/main.mif Line: 1
Warning (113028): 32745 out of 32768 addresses are uninitialized. The Quartus Prime software will initialize them to "0". There are 2 warnings found, and 2 warnings are reported. File: C:/Users/LJQ/Desktop/LJQZS1/main_d.mif Line: 1
    Warning (113026): Memory Initialization File Address 18 is not initialized File: C:/Users/LJQ/Desktop/LJQZS1/main_d.mif Line: 1
    Warning (113027): Addresses ranging from 24 to 32767 are not initialized File: C:/Users/LJQ/Desktop/LJQZS1/main_d.mif Line: 1
Info (39024): Processed the following Memory Initialization File(s)
    Info (39025): Processed Memory Initialization File C:/Users/LJQ/Desktop/LJQZS1/main.mif File: C:/Users/LJQ/Desktop/LJQZS1/main.mif Line: 0
    Info (39025): Processed Memory Initialization File C:/Users/LJQ/Desktop/LJQZS1/main_d.mif File: C:/Users/LJQ/Desktop/LJQZS1/main_d.mif Line: 0
Info: Quartus Prime MIF/HEX Update was successful. 0 errors, 5 warnings
    Info: Peak virtual memory: 5190 megabytes
    Info: Processing ended: Tue Jun 07 19:57:04 2022
    Info: Elapsed time: 00:00:39
    Info: Total CPU time (on all processors): 00:00:39


